<?xml version="1.0" encoding="UTF-8"?>
<testng-results skipped="0" failed="0" total="2" passed="2">
  <reporter-output>
  </reporter-output>
  <suite name="Default suite" duration-ms="4168" started-at="2019-11-25T04:57:04Z" finished-at="2019-11-25T04:57:08Z">
    <groups>
    </groups>
    <test name="Default test" duration-ms="4168" started-at="2019-11-25T04:57:04Z" finished-at="2019-11-25T04:57:08Z">
      <class name="com.employee.testcases.TC03_get_Employee_details">
        <test-method status="PASS" signature="setUp()[pri:0, instance:com.employee.testcases.TC03_get_Employee_details@5ba23b66]" name="setUp" is-config="true" duration-ms="3321" started-at="2019-11-25T10:27:04Z" finished-at="2019-11-25T10:27:07Z">
          <reporter-output>
          </reporter-output>
        </test-method> <!-- setUp -->
        <test-method status="PASS" signature="checkHeaders()[pri:0, instance:com.employee.testcases.TC03_get_Employee_details@5ba23b66]" name="checkHeaders" duration-ms="4" started-at="2019-11-25T10:27:07Z" finished-at="2019-11-25T10:27:07Z">
          <reporter-output>
          </reporter-output>
        </test-method> <!-- checkHeaders -->
        <test-method status="PASS" signature="getResponseBody()[pri:0, instance:com.employee.testcases.TC03_get_Employee_details@5ba23b66]" name="getResponseBody" duration-ms="832" started-at="2019-11-25T10:27:07Z" finished-at="2019-11-25T10:27:08Z">
          <reporter-output>
          </reporter-output>
        </test-method> <!-- getResponseBody -->
      </class> <!-- com.employee.testcases.TC03_get_Employee_details -->
    </test> <!-- Default test -->
  </suite> <!-- Default suite -->
</testng-results>
