<?xml version="1.0" encoding="UTF-8"?>
<!-- Generated by org.testng.reporters.JUnitReportReporter -->
<testsuite hostname="Prafulla-PC" name="com.employee.testcases.TC001_get_All_Employees" tests="3" failures="0" timestamp="26 Sep 2019 07:54:23 GMT" time="0.005" errors="0">
  <testcase name="checkRespTime" time="0.004" classname="com.employee.testcases.TC001_get_All_Employees"/>
  <testcase name="checkResponse" time="0.000" classname="com.employee.testcases.TC001_get_All_Employees"/>
  <testcase name="checkStatusLine" time="0.001" classname="com.employee.testcases.TC001_get_All_Employees"/>
</testsuite> <!-- com.employee.testcases.TC001_get_All_Employees -->
