<?xml version="1.0" encoding="UTF-8"?>
<!-- Generated by org.testng.reporters.JUnitReportReporter -->
<testsuite hostname="Prafulla-PC" name="com.employee.testcases.TC03_get_Employee_details" tests="2" failures="0" timestamp="25 Nov 2019 04:57:08 GMT" time="0.836" errors="0">
  <testcase name="checkHeaders" time="0.004" classname="com.employee.testcases.TC03_get_Employee_details"/>
  <testcase name="getResponseBody" time="0.832" classname="com.employee.testcases.TC03_get_Employee_details"/>
</testsuite> <!-- com.employee.testcases.TC03_get_Employee_details -->
