<?xml version="1.0" encoding="UTF-8"?>
<!-- Generated by org.testng.reporters.JUnitReportReporter -->
<testsuite hostname="Prafulla-PC" name="com.employee.testcases.TC02_post_Employee_details" tests="2" failures="0" timestamp="26 Sep 2019 08:58:59 GMT" time="0.006" errors="0">
  <testcase name="checkStatus" time="0.005" classname="com.employee.testcases.TC02_post_Employee_details"/>
  <testcase name="printEmpdetails" time="0.001" classname="com.employee.testcases.TC02_post_Employee_details"/>
</testsuite> <!-- com.employee.testcases.TC02_post_Employee_details -->
