<?xml version="1.0" encoding="UTF-8"?>
<testng-results skipped="0" failed="0" total="1" passed="1">
  <reporter-output>
  </reporter-output>
  <suite name="Default suite" duration-ms="3811" started-at="2019-10-04T02:36:41Z" finished-at="2019-10-04T02:36:44Z">
    <groups>
    </groups>
    <test name="Default test" duration-ms="3811" started-at="2019-10-04T02:36:41Z" finished-at="2019-10-04T02:36:44Z">
      <class name="com.testData.ApiAllTest">
        <test-method status="PASS" signature="setUp()[pri:0, instance:com.testData.ApiAllTest@6bdf28bb]" name="setUp" is-config="true" duration-ms="3747" started-at="2019-10-04T08:06:41Z" finished-at="2019-10-04T08:06:44Z">
          <reporter-output>
          </reporter-output>
        </test-method> <!-- setUp -->
        <test-method status="PASS" signature="jsonBody()[pri:0, instance:com.testData.ApiAllTest@6bdf28bb]" name="jsonBody" duration-ms="52" started-at="2019-10-04T08:06:44Z" finished-at="2019-10-04T08:06:44Z">
          <reporter-output>
          </reporter-output>
        </test-method> <!-- jsonBody -->
        <test-method status="PASS" signature="tearDown()[pri:0, instance:com.testData.ApiAllTest@6bdf28bb]" name="tearDown" is-config="true" duration-ms="1" started-at="2019-10-04T08:06:44Z" finished-at="2019-10-04T08:06:44Z">
          <reporter-output>
          </reporter-output>
        </test-method> <!-- tearDown -->
      </class> <!-- com.testData.ApiAllTest -->
    </test> <!-- Default test -->
  </suite> <!-- Default suite -->
</testng-results>
