<?xml version="1.0" encoding="UTF-8"?>
<!-- Generated by org.testng.reporters.JUnitReportReporter -->
<testsuite hostname="Prafulla-PC" name="com.testData.PractiseApiTestingAll" tests="2" failures="0" timestamp="24 Sep 2019 23:48:42 GMT" time="3.576" errors="0">
  <testcase name="SecondTest" time="2.760" classname="com.testData.PractiseApiTestingAll"/>
  <testcase name="testAllApi" time="0.816" classname="com.testData.PractiseApiTestingAll"/>
</testsuite> <!-- com.testData.PractiseApiTestingAll -->
