<?xml version="1.0" encoding="UTF-8"?>
<!-- Generated by org.testng.reporters.JUnitReportReporter -->
<testsuite hostname="Prafulla-PC" name="com.testData.testGet" tests="7" failures="0" timestamp="22 Sep 2019 06:29:15 GMT" time="6.950" errors="0">
  <testcase name="statusTime" time="0.637" classname="com.testData.testGet"/>
  <testcase name="statusLineTest" time="0.650" classname="com.testData.testGet"/>
  <testcase name="statusLengthTest" time="0.642" classname="com.testData.testGet"/>
  <testcase name="responseTest" time="0.620" classname="com.testData.testGet"/>
  <testcase name="getParameters" time="3.108" classname="com.testData.testGet"/>
  <testcase name="getWeatherTest" time="0.659" classname="com.testData.testGet"/>
  <testcase name="headerTest" time="0.634" classname="com.testData.testGet"/>
</testsuite> <!-- com.testData.testGet -->
