<?xml version="1.0" encoding="UTF-8"?>
<!-- Generated by org.testng.reporters.JUnitReportReporter -->
<testsuite hostname="Prafulla-PC" name="com.testData.AuthenticationTest" tests="4" failures="0" timestamp="22 Sep 2019 17:07:10 GMT" time="5.051" errors="0">
  <testcase name="JsonPathParams" time="1.403" classname="com.testData.AuthenticationTest"/>
  <testcase name="respCode" time="0.645" classname="com.testData.AuthenticationTest"/>
  <testcase name="headerParamsTest" time="0.659" classname="com.testData.AuthenticationTest"/>
  <testcase name="respBodyTest" time="2.344" classname="com.testData.AuthenticationTest"/>
</testsuite> <!-- com.testData.AuthenticationTest -->
